[  7266.752] _XSERVTransSocketUNIXCreateListener: ...SocketCreateListener() failed
[  7266.752] _XSERVTransMakeAllCOTSServerListeners: server already running
[  7266.752] _XSERVTransSocketUNIXCreateListener: ...SocketCreateListener() failed
[  7266.752] _XSERVTransMakeAllCOTSServerListeners: server already running
[  7266.753] (--) Log file renamed from "/home/se623/.local/share/xorg/Xorg.pid-5505.log" to "/home/se623/.local/share/xorg/Xorg.2.log"
[  7266.753] 
X.Org X Server 1.21.1.8
X Protocol Version 11, Revision 0
[  7266.753] Current Operating System: Linux Noli01 6.1.27-gentoo-dist #1 SMP PREEMPT_DYNAMIC Thu May 18 22:06:01 MSK 2023 x86_64
[  7266.754] Kernel command line: BOOT_IMAGE=/vmlinuz-6.1.27-gentoo-dist root=UUID=547415fb-fc9e-4622-94f0-b496bce1723f ro
[  7266.754]  
[  7266.754] Current version of pixman: 0.42.2
[  7266.754] 	Before reporting problems, check http://wiki.x.org
	to make sure that you have the latest version.
[  7266.754] Markers: (--) probed, (**) from config file, (==) default setting,
	(++) from command line, (!!) notice, (II) informational,
	(WW) warning, (EE) error, (NI) not implemented, (??) unknown.
[  7266.754] (==) Log file: "/home/se623/.local/share/xorg/Xorg.2.log", Time: Tue Aug  1 11:41:46 2023
[  7266.754] (==) Using system config directory "/usr/share/X11/xorg.conf.d"
[  7266.755] (==) No Layout section.  Using the first Screen section.
[  7266.755] (==) No screen section available. Using defaults.
[  7266.755] (**) |-->Screen "Default Screen Section" (0)
[  7266.755] (**) |   |-->Monitor "<default monitor>"
[  7266.755] (==) No monitor specified for screen "Default Screen Section".
	Using a default monitor configuration.
[  7266.755] (==) Automatically adding devices
[  7266.755] (==) Automatically enabling devices
[  7266.755] (==) Automatically adding GPU devices
[  7266.755] (==) Automatically binding GPU devices
[  7266.755] (==) Max clients allowed: 256, resource mask: 0x1fffff
[  7266.755] (WW) The directory "/usr/share/fonts/misc" does not exist.
[  7266.755] 	Entry deleted from font path.
[  7266.755] (WW) The directory "/usr/share/fonts/TTF" does not exist.
[  7266.755] 	Entry deleted from font path.
[  7266.755] (WW) The directory "/usr/share/fonts/OTF" does not exist.
[  7266.755] 	Entry deleted from font path.
[  7266.755] (WW) The directory "/usr/share/fonts/Type1" does not exist.
[  7266.755] 	Entry deleted from font path.
[  7266.755] (WW) The directory "/usr/share/fonts/100dpi" does not exist.
[  7266.755] 	Entry deleted from font path.
[  7266.755] (WW) The directory "/usr/share/fonts/75dpi" does not exist.
[  7266.755] 	Entry deleted from font path.
[  7266.755] (==) FontPath set to:
	
[  7266.755] (==) ModulePath set to "/usr/lib64/xorg/modules"
[  7266.755] (II) The server relies on udev to provide the list of input devices.
	If no devices become available, reconfigure udev or disable AutoAddDevices.
[  7266.755] (II) Module ABI versions:
[  7266.755] 	X.Org ANSI C Emulation: 0.4
[  7266.755] 	X.Org Video Driver: 25.2
[  7266.755] 	X.Org XInput driver : 24.4
[  7266.755] 	X.Org Server Extension : 10.0
[  7266.757] (++) using VT number 7

[  7266.757] (II) systemd-logind: logind integration requires -keeptty and -keeptty was not provided, disabling logind integration
[  7266.759] (II) xfree86: Adding drm device (/dev/dri/card1)
[  7266.759] (II) Platform probe for /sys/devices/pci0000:00/0000:00:02.0/drm/card1
[  7266.760] (II) xfree86: Adding drm device (/dev/dri/card0)
[  7266.760] (II) Platform probe for /sys/devices/pci0000:00/0000:00:1c.4/0000:02:00.0/drm/card0
[  7267.090] (--) PCI:*(0@0:2:0) 8086:3ea0:1043:1e9e rev 2, Mem @ 0xb2000000/16777216, 0x90000000/268435456, I/O @ 0x00005000/64, BIOS @ 0x????????/131072
[  7267.090] (--) PCI: (2@0:0:0) 10de:174e:1043:1e9e rev 162, Mem @ 0xb3000000/16777216, 0xa0000000/268435456, 0xb0000000/33554432, I/O @ 0x00004000/128, BIOS @ 0x????????/524288
[  7267.090] (II) LoadModule: "glx"
[  7267.091] (II) Loading /usr/lib64/xorg/modules/extensions/libglx.so
[  7267.091] (II) Module glx: vendor="X.Org Foundation"
[  7267.091] 	compiled for 1.21.1.8, module version = 1.0.0
[  7267.091] 	ABI class: X.Org Server Extension, version 10.0
[  7267.091] (==) Matched intel as autoconfigured driver 0
[  7267.091] (==) Matched nouveau as autoconfigured driver 1
[  7267.091] (==) Matched nv as autoconfigured driver 2
[  7267.091] (==) Matched modesetting as autoconfigured driver 3
[  7267.091] (==) Matched fbdev as autoconfigured driver 4
[  7267.091] (==) Matched vesa as autoconfigured driver 5
[  7267.091] (==) Assigned the driver to the xf86ConfigLayout
[  7267.091] (II) LoadModule: "intel"
[  7267.091] (WW) Warning, couldn't open module intel
[  7267.091] (EE) Failed to load module "intel" (module does not exist, 0)
[  7267.091] (II) LoadModule: "nouveau"
[  7267.091] (II) Loading /usr/lib64/xorg/modules/drivers/nouveau_drv.so
[  7267.091] (II) Module nouveau: vendor="X.Org Foundation"
[  7267.091] 	compiled for 1.21.1.8, module version = 1.0.17
[  7267.091] 	Module class: X.Org Video Driver
[  7267.091] 	ABI class: X.Org Video Driver, version 25.2
[  7267.091] (II) LoadModule: "nv"
[  7267.091] (WW) Warning, couldn't open module nv
[  7267.091] (EE) Failed to load module "nv" (module does not exist, 0)
[  7267.091] (II) LoadModule: "modesetting"
[  7267.091] (II) Loading /usr/lib64/xorg/modules/drivers/modesetting_drv.so
[  7267.092] (II) Module modesetting: vendor="X.Org Foundation"
[  7267.092] 	compiled for 1.21.1.8, module version = 1.21.1
[  7267.092] 	Module class: X.Org Video Driver
[  7267.092] 	ABI class: X.Org Video Driver, version 25.2
[  7267.092] (II) LoadModule: "fbdev"
[  7267.092] (II) Loading /usr/lib64/xorg/modules/drivers/fbdev_drv.so
[  7267.092] (II) Module fbdev: vendor="X.Org Foundation"
[  7267.092] 	compiled for 1.21.1.8, module version = 0.5.0
[  7267.092] 	Module class: X.Org Video Driver
[  7267.092] 	ABI class: X.Org Video Driver, version 25.2
[  7267.092] (II) LoadModule: "vesa"
[  7267.092] (II) Loading /usr/lib64/xorg/modules/drivers/vesa_drv.so
[  7267.092] (II) Module vesa: vendor="X.Org Foundation"
[  7267.092] 	compiled for 1.21.1.8, module version = 2.6.0
[  7267.092] 	Module class: X.Org Video Driver
[  7267.092] 	ABI class: X.Org Video Driver, version 25.2
[  7267.092] (II) NOUVEAU driver 
[  7267.092] (II) NOUVEAU driver for NVIDIA chipset families :
[  7267.092] 	RIVA TNT            (NV04)
[  7267.092] 	RIVA TNT2           (NV05)
[  7267.092] 	GeForce 256         (NV10)
[  7267.092] 	GeForce 2           (NV11, NV15)
[  7267.092] 	GeForce 4MX         (NV17, NV18)
[  7267.092] 	GeForce 3           (NV20)
[  7267.092] 	GeForce 4Ti         (NV25, NV28)
[  7267.092] 	GeForce FX          (NV3x)
[  7267.092] 	GeForce 6           (NV4x)
[  7267.092] 	GeForce 7           (G7x)
[  7267.092] 	GeForce 8           (G8x)
[  7267.092] 	GeForce 9           (G9x)
[  7267.092] 	GeForce GTX 2xx/3xx (GT2xx)
[  7267.092] 	GeForce GTX 4xx/5xx (GFxxx)
[  7267.092] 	GeForce GTX 6xx/7xx (GKxxx)
[  7267.092] 	GeForce GTX 9xx     (GMxxx)
[  7267.092] 	GeForce GTX 10xx    (GPxxx)
[  7267.092] (II) modesetting: Driver for Modesetting Kernel Drivers: kms
[  7267.092] (II) FBDEV: driver for framebuffer: fbdev
[  7267.092] (II) VESA: driver for VESA chipsets: vesa
[  7267.092] (EE) 
Fatal server error:
[  7267.092] (EE) xf86OpenConsole: Cannot open virtual console 7 (Permission denied)
[  7267.092] (EE) 
[  7267.092] (EE) 
Please consult the The X.Org Foundation support 
	 at http://wiki.x.org
 for help. 
[  7267.092] (EE) Please also check the log file at "/home/se623/.local/share/xorg/Xorg.2.log" for additional information.
[  7267.092] (EE) 
[  7267.092] (WW) xf86CloseConsole: KDSETMODE failed: Bad file descriptor
[  7267.092] (WW) xf86CloseConsole: VT_GETMODE failed: Bad file descriptor
[  7267.092] (EE) Server terminated with error (1). Closing log file.
